<?xml version="1.0" encoding="UTF-8"?>
<!-- Generated by org.testng.reporters.JUnitXMLReporter -->
<testsuite ignored="0" hostname="DESKTOP-LGTP02P" failures="1" tests="1" name="Bai 1 Tests" time="1.926" errors="0" timestamp="2026-03-17T16:05:19 ICT">
  <testcase classname="bai1_base.tests.DemoTest" name="testLoginFailureForScreenshot" time="0.01">
    <failure type="java.lang.AssertionError" message="Cố tình fail DemoTest để check tính năng chụp Screenshot tự động. expected [true] but found [false]">
      <![CDATA[java.lang.AssertionError: Cố tình fail DemoTest để check tính năng chụp Screenshot tự động. expected [true] but found [false]
at bai1_base.tests.DemoTest.testLoginFailureForScreenshot(DemoTest.java:11)
at java.base/java.util.concurrent.Executors$RunnableAdapter.call(Executors.java:539)
at java.base/java.util.concurrent.FutureTask.run(FutureTask.java:264)
at java.base/java.util.concurrent.ThreadPoolExecutor.runWorker(ThreadPoolExecutor.java:1136)
at java.base/java.util.concurrent.ThreadPoolExecutor$Worker.run(ThreadPoolExecutor.java:635)
at java.base/java.lang.Thread.run(Thread.java:840)
... Removed 16 stack frames]]>
    </failure>
  </testcase> <!-- testLoginFailureForScreenshot -->
</testsuite> <!-- Bai 1 Tests -->
